*** Using Compiler 'V5.06 update 7 (build 960)', folder: 'D:\Keil\ARM\ARMCC\Bin'
Build target 'Bicycle'
compiling main.c...
..\HARDWARE\OLED\oled.h(52): warning:  #1295-D: Deprecated declaration Picture - give arg types
  void Picture();
..\HARDWARE\OLED\oled.h(53): warning:  #1295-D: Deprecated declaration IIC_Start - give arg types
  void IIC_Start();
..\HARDWARE\OLED\oled.h(54): warning:  #1295-D: Deprecated declaration IIC_Stop - give arg types
  void IIC_Stop();
..\HARDWARE\OLED\oled.h(59): warning:  #1295-D: Deprecated declaration IIC_Wait_Ack - give arg types
  void IIC_Wait_Ack();
..\HARDWARE\beep\beep.h(10): warning:  #1-D: last line of file ends without a newline
  #endif
..\HARDWARE\control\control.h(8): warning:  #1-D: last line of file ends without a newline
  #endif
..\HARDWARE\MOTOR\motor.h(28): warning:  #1-D: last line of file ends without a newline
  #endif 
..\HARDWARE\pwm\pwm.h(8): warning:  #1-D: last line of file ends without a newline
  #endif 
main.c: 8 warnings, 0 errors
linking...
Program Size: Code=14046 RO-data=2730 RW-data=168 ZI-data=1848  
FromELF: creating hex file...
"..\OBJ\NewProject.axf" - 0 Error(s), 8 Warning(s).
Build Time Elapsed:  00:00:03
